2023-02-07 01:35:38,534 INFO o.a.j.u.JMeterUtils: Setting Locale to en_EN
2023-02-07 01:35:38,565 INFO o.a.j.JMeter: Loading user properties from: /opt/jmeter/bin/user.properties
2023-02-07 01:35:38,565 INFO o.a.j.JMeter: Loading system properties from: /opt/jmeter/bin/system.properties
2023-02-07 01:35:38,572 INFO o.a.j.JMeter: Copyright (c) 1998-2021 The Apache Software Foundation
2023-02-07 01:35:38,572 INFO o.a.j.JMeter: Version 5.4.1
2023-02-07 01:35:38,572 INFO o.a.j.JMeter: java.version=11.0.17
2023-02-07 01:35:38,573 INFO o.a.j.JMeter: java.vm.name=OpenJDK 64-Bit Server VM
2023-02-07 01:35:38,573 INFO o.a.j.JMeter: os.name=Linux
2023-02-07 01:35:38,573 INFO o.a.j.JMeter: os.arch=amd64
2023-02-07 01:35:38,573 INFO o.a.j.JMeter: os.version=5.10.161-1-MANJARO
2023-02-07 01:35:38,573 INFO o.a.j.JMeter: file.encoding=UTF-8
2023-02-07 01:35:38,573 INFO o.a.j.JMeter: java.awt.headless=null
2023-02-07 01:35:38,573 INFO o.a.j.JMeter: Max memory     =1073741824
2023-02-07 01:35:38,573 INFO o.a.j.JMeter: Available Processors =8
2023-02-07 01:35:38,586 INFO o.a.j.JMeter: Default Locale=English (EN)
2023-02-07 01:35:38,586 INFO o.a.j.JMeter: JMeter  Locale=English (EN)
2023-02-07 01:35:38,587 INFO o.a.j.JMeter: JMeterHome=/opt/jmeter
2023-02-07 01:35:38,587 INFO o.a.j.JMeter: user.dir  =/home/xeder/Desktop/projects/train-ticket/tt-scripts/jmxs
2023-02-07 01:35:38,587 INFO o.a.j.JMeter: PWD       =/home/xeder/Desktop/projects/train-ticket/tt-scripts/jmxs
2023-02-07 01:35:38,587 INFO o.a.j.JMeter: IP: 127.0.1.1 Name: xeder-workstation FullName: xeder-workstation
2023-02-07 01:35:38,890 INFO o.a.j.JMeter: Setting LAF to: laf:javax.swing.plaf.metal.MetalLookAndFeel
2023-02-07 01:35:39,080 INFO o.a.j.JMeter: Loaded icon properties from org/apache/jmeter/images/icon.properties
2023-02-07 01:36:26,266 INFO o.a.j.s.FileServer: Default base='/home/xeder/Desktop/projects/train-ticket/tt-scripts/jmxs'
2023-02-07 01:36:26,273 INFO o.a.j.g.a.Load: Loading file: /home/xeder/Desktop/projects/train-ticket/tt-scripts/jmxs/one_shot_buy.jmx
2023-02-07 01:36:26,274 INFO o.a.j.s.FileServer: Set new base='/home/xeder/Desktop/projects/train-ticket/tt-scripts/jmxs'
2023-02-07 01:36:26,548 INFO o.a.j.s.SaveService: Testplan (JMX) version: 2.2. Testlog (JTL) version: 2.2
2023-02-07 01:36:26,571 INFO o.a.j.s.SaveService: Using SaveService properties version 5.0
2023-02-07 01:36:26,574 INFO o.a.j.s.SaveService: Using SaveService properties file encoding UTF-8
2023-02-07 01:36:26,577 INFO o.a.j.s.SaveService: Loading file: /home/xeder/Desktop/projects/train-ticket/tt-scripts/jmxs/one_shot_buy.jmx
2023-02-07 01:36:26,603 INFO o.a.j.p.h.c.CookieManager: Settings: Delete null: true Check: true Allow variable: true Save: false Prefix: COOKIE_
2023-02-07 01:36:26,617 INFO o.a.j.p.h.s.HTTPSamplerBase: Parser for text/html is org.apache.jmeter.protocol.http.parser.LagartoBasedHtmlParser
2023-02-07 01:36:26,617 INFO o.a.j.p.h.s.HTTPSamplerBase: Parser for application/xhtml+xml is org.apache.jmeter.protocol.http.parser.LagartoBasedHtmlParser
2023-02-07 01:36:26,617 INFO o.a.j.p.h.s.HTTPSamplerBase: Parser for application/xml is org.apache.jmeter.protocol.http.parser.LagartoBasedHtmlParser
2023-02-07 01:36:26,618 INFO o.a.j.p.h.s.HTTPSamplerBase: Parser for text/xml is org.apache.jmeter.protocol.http.parser.LagartoBasedHtmlParser
2023-02-07 01:36:26,618 INFO o.a.j.p.h.s.HTTPSamplerBase: Parser for text/vnd.wap.wml is org.apache.jmeter.protocol.http.parser.RegexpHTMLParser
2023-02-07 01:36:26,618 INFO o.a.j.p.h.s.HTTPSamplerBase: Parser for text/css is org.apache.jmeter.protocol.http.parser.CssParser
2023-02-07 01:36:26,927 INFO o.a.j.e.KeyToolUtils: keytool found at 'keytool'
2023-02-07 01:36:26,928 INFO o.a.j.p.h.p.ProxyControl: HTTP(S) Test Script Recorder SSL Proxy will use keys that support embedded 3rd party resources in file /opt/jmeter/bin/proxyserver.jks
2023-02-07 01:36:27,264 INFO o.a.j.s.SampleResult: Note: Sample TimeStamps are START times
2023-02-07 01:36:27,264 INFO o.a.j.s.SampleResult: sampleresult.default.encoding is set to ISO-8859-1
2023-02-07 01:36:27,279 INFO o.a.j.s.SampleResult: sampleresult.useNanoTime=true
2023-02-07 01:36:27,279 INFO o.a.j.s.SampleResult: sampleresult.nanoThreadSleep=5000
2023-02-07 01:36:27,421 INFO o.a.j.v.ViewResultsFullVisualizer: Add JavaFX to your Java installation if you want to use renderer: org.apache.jmeter.visualizers.RenderInBrowser
2023-02-07 01:36:27,536 INFO o.a.j.s.FileServer: Set new base='/home/xeder/Desktop/projects/train-ticket/tt-scripts/jmxs'
2023-02-07 01:36:39,611 INFO o.a.j.g.a.Load: Loading file: /home/xeder/Desktop/projects/train-ticket/tt-scripts/jmxs/delayed_buy.jmx
2023-02-07 01:36:39,612 INFO o.a.j.s.FileServer: Set new base='/home/xeder/Desktop/projects/train-ticket/tt-scripts/jmxs'
2023-02-07 01:36:39,612 INFO o.a.j.s.SaveService: Loading file: /home/xeder/Desktop/projects/train-ticket/tt-scripts/jmxs/delayed_buy.jmx
2023-02-07 01:36:39,704 INFO o.a.j.v.ViewResultsFullVisualizer: Add JavaFX to your Java installation if you want to use renderer: org.apache.jmeter.visualizers.RenderInBrowser
2023-02-07 01:36:39,784 INFO o.a.j.s.FileServer: Set new base='/home/xeder/Desktop/projects/train-ticket/tt-scripts/jmxs'
