2023-03-05 10:08:30,731 INFO o.a.j.u.JMeterUtils: Setting Locale to en_EN
2023-03-05 10:08:30,753 INFO o.a.j.JMeter: Loading user properties from: /home/vincenzo/apache-jmeter-5.5/bin/user.properties
2023-03-05 10:08:30,753 INFO o.a.j.JMeter: Loading system properties from: /home/vincenzo/apache-jmeter-5.5/bin/system.properties
2023-03-05 10:08:30,753 INFO o.a.j.JMeter: Setting JMeter property: threads=1
2023-03-05 10:08:30,759 INFO o.a.j.JMeter: Copyright (c) 1998-2022 The Apache Software Foundation
2023-03-05 10:08:30,759 INFO o.a.j.JMeter: Version 5.5
2023-03-05 10:08:30,759 INFO o.a.j.JMeter: java.version=19.0.2
2023-03-05 10:08:30,759 INFO o.a.j.JMeter: java.vm.name=OpenJDK 64-Bit Server VM
2023-03-05 10:08:30,759 INFO o.a.j.JMeter: os.name=Linux
2023-03-05 10:08:30,759 INFO o.a.j.JMeter: os.arch=amd64
2023-03-05 10:08:30,759 INFO o.a.j.JMeter: os.version=5.15.0-58-generic
2023-03-05 10:08:30,759 INFO o.a.j.JMeter: file.encoding=UTF-8
2023-03-05 10:08:30,759 INFO o.a.j.JMeter: java.awt.headless=true
2023-03-05 10:08:30,760 INFO o.a.j.JMeter: Max memory     =1073741824
2023-03-05 10:08:30,760 INFO o.a.j.JMeter: Available Processors =32
2023-03-05 10:08:30,770 INFO o.a.j.JMeter: Default Locale=English (EN)
2023-03-05 10:08:30,770 INFO o.a.j.JMeter: JMeter  Locale=English (EN)
2023-03-05 10:08:30,770 INFO o.a.j.JMeter: JMeterHome=/home/vincenzo/apache-jmeter-5.5
2023-03-05 10:08:30,770 INFO o.a.j.JMeter: user.dir  =/home/vincenzo/performance-based-energy-estimation/train-ticket/code
2023-03-05 10:08:30,770 INFO o.a.j.JMeter: PWD       =/home/vincenzo/performance-based-energy-estimation/train-ticket/code
2023-03-05 10:08:30,770 INFO o.a.j.JMeter: IP: 127.0.1.1 Name: gl5 FullName: gl5
2023-03-05 10:08:30,779 INFO o.a.j.s.FileServer: Default base='/home/vincenzo/performance-based-energy-estimation/train-ticket/code'
2023-03-05 10:08:30,780 INFO o.a.j.s.FileServer: Set new base='/home/vincenzo/performance-based-energy-estimation/train-ticket/code/../jmxs'
2023-03-05 10:08:30,979 INFO o.a.j.s.SaveService: Testplan (JMX) version: 2.2. Testlog (JTL) version: 2.2
2023-03-05 10:08:31,004 INFO o.a.j.s.SaveService: Using SaveService properties version 5.0
2023-03-05 10:08:31,007 INFO o.a.j.s.SaveService: Using SaveService properties file encoding UTF-8
2023-03-05 10:08:31,011 INFO o.a.j.s.SaveService: Loading file: ../jmxs/one_shot_buy-server.jmx
2023-03-05 10:08:31,037 INFO o.a.j.p.h.c.CookieManager: Settings: Delete null: true Check: true Allow variable: true Save: false Prefix: COOKIE_
2023-03-05 10:08:31,055 INFO o.a.j.p.h.s.HTTPSamplerBase: Parser for text/html is org.apache.jmeter.protocol.http.parser.LagartoBasedHtmlParser
2023-03-05 10:08:31,055 INFO o.a.j.p.h.s.HTTPSamplerBase: Parser for application/xhtml+xml is org.apache.jmeter.protocol.http.parser.LagartoBasedHtmlParser
2023-03-05 10:08:31,055 INFO o.a.j.p.h.s.HTTPSamplerBase: Parser for application/xml is org.apache.jmeter.protocol.http.parser.LagartoBasedHtmlParser
2023-03-05 10:08:31,055 INFO o.a.j.p.h.s.HTTPSamplerBase: Parser for text/xml is org.apache.jmeter.protocol.http.parser.LagartoBasedHtmlParser
2023-03-05 10:08:31,056 INFO o.a.j.p.h.s.HTTPSamplerBase: Parser for text/vnd.wap.wml is org.apache.jmeter.protocol.http.parser.RegexpHTMLParser
2023-03-05 10:08:31,056 INFO o.a.j.p.h.s.HTTPSamplerBase: Parser for text/css is org.apache.jmeter.protocol.http.parser.CssParser
2023-03-05 10:08:31,213 INFO o.a.j.e.KeyToolUtils: keytool found at 'keytool'
2023-03-05 10:08:31,214 INFO o.a.j.p.h.p.ProxyControl: HTTP(S) Test Script Recorder SSL Proxy will use keys that support embedded 3rd party resources in file /home/vincenzo/apache-jmeter-5.5/bin/proxyserver.jks
2023-03-05 10:08:31,225 INFO o.a.j.JMeter: Creating summariser <summary>
2023-03-05 10:08:31,239 INFO o.a.j.e.StandardJMeterEngine: Running the test!
2023-03-05 10:08:31,240 INFO o.a.j.s.SampleEvent: List of sample_variables: []
2023-03-05 10:08:31,240 INFO o.a.j.s.SampleEvent: List of sample_variables: []
2023-03-05 10:08:31,245 INFO o.a.j.e.u.CompoundVariable: Note: Function class names must contain the string: '.functions.'
2023-03-05 10:08:31,245 INFO o.a.j.e.u.CompoundVariable: Note: Function class names must not contain the string: '.gui.'
2023-03-05 10:08:31,353 INFO o.a.j.JMeter: Running test (1678010911353)
2023-03-05 10:08:31,388 INFO o.a.j.e.StandardJMeterEngine: Starting ThreadGroup: 1 : ThreadGroup
2023-03-05 10:08:31,388 INFO o.a.j.e.StandardJMeterEngine: Starting 1 threads for group ThreadGroup.
2023-03-05 10:08:31,388 INFO o.a.j.e.StandardJMeterEngine: Thread will continue on error
2023-03-05 10:08:31,389 INFO o.a.j.t.ThreadGroup: Starting thread group... number=1 threads=1 ramp-up=1 delayedStart=false
2023-03-05 10:08:31,395 INFO o.a.j.t.ThreadGroup: Started thread group number 1
2023-03-05 10:08:31,395 INFO o.a.j.e.StandardJMeterEngine: All thread groups have been started
2023-03-05 10:08:31,398 INFO o.a.j.s.SampleResult: Note: Sample TimeStamps are START times
2023-03-05 10:08:31,398 INFO o.a.j.s.SampleResult: sampleresult.default.encoding is set to ISO-8859-1
2023-03-05 10:08:31,399 INFO o.a.j.s.SampleResult: sampleresult.useNanoTime=true
2023-03-05 10:08:31,399 INFO o.a.j.s.SampleResult: sampleresult.nanoThreadSleep=5000
2023-03-05 10:08:31,431 INFO o.a.j.t.JMeterThread: Thread started: ThreadGroup 1-1
2023-03-05 10:08:31,432 INFO o.a.j.s.FileServer: Stored: /home/vincenzo/performance-based-energy-estimation/train-ticket/code/experiment_configuration_data/users.csv
2023-03-05 10:08:31,451 INFO o.a.j.p.h.s.HTTPHCAbstractImpl: Local host = gl5
2023-03-05 10:08:31,456 INFO o.a.j.p.h.s.HTTPHC4Impl: HTTP request retry count = 0
2023-03-05 10:08:31,657 INFO o.a.j.r.Summariser: summary +      1 in 00:00:00 =    3.3/s Avg:   123 Min:   123 Max:   123 Err:     0 (0.00%) Active: 1 Started: 1 Finished: 0
2023-03-05 10:08:32,095 INFO o.a.j.t.JMeterThread: Thread is done: ThreadGroup 1-1
2023-03-05 10:08:32,096 INFO o.a.j.t.JMeterThread: Thread finished: ThreadGroup 1-1
2023-03-05 10:08:32,098 INFO o.a.j.e.StandardJMeterEngine: Notifying test listeners of end of test
2023-03-05 10:08:32,098 INFO o.a.j.s.FileServer: Close: /home/vincenzo/performance-based-energy-estimation/train-ticket/code/experiment_configuration_data/users.csv
2023-03-05 10:08:32,101 INFO o.a.j.r.Summariser: summary +      9 in 00:00:00 =   20.3/s Avg:    46 Min:     3 Max:   253 Err:     1 (11.11%) Active: 0 Started: 1 Finished: 1
2023-03-05 10:08:32,102 INFO o.a.j.r.Summariser: summary =     10 in 00:00:01 =   13.4/s Avg:    54 Min:     3 Max:   253 Err:     1 (10.00%)
